<?xml version="1.0" encoding="UTF-8"?>
<testsuite xmlns:xsi="http://www.w3.org/2001/XMLSchema-instance" xsi:noNamespaceSchemaLocation="https://maven.apache.org/surefire/maven-surefire-plugin/xsd/surefire-test-report.xsd" version="3.0.2" name="TestSuite" time="13.049" tests="11" errors="0" skipped="0" failures="0">
  <properties>
    <property name="java.specification.version" value="21"/>
    <property name="sun.cpu.isalist" value="amd64"/>
    <property name="sun.jnu.encoding" value="Cp1252"/>
    <property name="java.class.path" value="C:\Users\abhishek.rathore1177\eclipse-workspace\swaglabs\Swaglabs\target\test-classes;C:\Users\abhishek.rathore1177\eclipse-workspace\swaglabs\Swaglabs\target\classes;C:\Users\abhishek.rathore1177\.m2\repository\org\seleniumhq\selenium\selenium-java\4.21.0\selenium-java-4.21.0.jar;C:\Users\abhishek.rathore1177\.m2\repository\org\seleniumhq\selenium\selenium-api\4.21.0\selenium-api-4.21.0.jar;C:\Users\abhishek.rathore1177\.m2\repository\org\seleniumhq\selenium\selenium-chrome-driver\4.21.0\selenium-chrome-driver-4.21.0.jar;C:\Users\abhishek.rathore1177\.m2\repository\org\seleniumhq\selenium\selenium-chromium-driver\4.21.0\selenium-chromium-driver-4.21.0.jar;C:\Users\abhishek.rathore1177\.m2\repository\org\seleniumhq\selenium\selenium-manager\4.21.0\selenium-manager-4.21.0.jar;C:\Users\abhishek.rathore1177\.m2\repository\org\seleniumhq\selenium\selenium-devtools-v123\4.21.0\selenium-devtools-v123-4.21.0.jar;C:\Users\abhishek.rathore1177\.m2\repository\org\seleniumhq\selenium\selenium-devtools-v124\4.21.0\selenium-devtools-v124-4.21.0.jar;C:\Users\abhishek.rathore1177\.m2\repository\org\seleniumhq\selenium\selenium-devtools-v125\4.21.0\selenium-devtools-v125-4.21.0.jar;C:\Users\abhishek.rathore1177\.m2\repository\org\seleniumhq\selenium\selenium-devtools-v85\4.21.0\selenium-devtools-v85-4.21.0.jar;C:\Users\abhishek.rathore1177\.m2\repository\org\seleniumhq\selenium\selenium-edge-driver\4.21.0\selenium-edge-driver-4.21.0.jar;C:\Users\abhishek.rathore1177\.m2\repository\org\seleniumhq\selenium\selenium-firefox-driver\4.21.0\selenium-firefox-driver-4.21.0.jar;C:\Users\abhishek.rathore1177\.m2\repository\org\seleniumhq\selenium\selenium-http\4.21.0\selenium-http-4.21.0.jar;C:\Users\abhishek.rathore1177\.m2\repository\dev\failsafe\failsafe\3.3.2\failsafe-3.3.2.jar;C:\Users\abhishek.rathore1177\.m2\repository\org\seleniumhq\selenium\selenium-ie-driver\4.21.0\selenium-ie-driver-4.21.0.jar;C:\Users\abhishek.rathore1177\.m2\repository\org\seleniumhq\selenium\selenium-remote-driver\4.21.0\selenium-remote-driver-4.21.0.jar;C:\Users\abhishek.rathore1177\.m2\repository\com\google\guava\guava\33.2.0-jre\guava-33.2.0-jre.jar;C:\Users\abhishek.rathore1177\.m2\repository\com\google\guava\failureaccess\1.0.2\failureaccess-1.0.2.jar;C:\Users\abhishek.rathore1177\.m2\repository\com\google\guava\listenablefuture\9999.0-empty-to-avoid-conflict-with-guava\listenablefuture-9999.0-empty-to-avoid-conflict-with-guava.jar;C:\Users\abhishek.rathore1177\.m2\repository\com\google\code\findbugs\jsr305\3.0.2\jsr305-3.0.2.jar;C:\Users\abhishek.rathore1177\.m2\repository\org\checkerframework\checker-qual\3.42.0\checker-qual-3.42.0.jar;C:\Users\abhishek.rathore1177\.m2\repository\com\google\errorprone\error_prone_annotations\2.26.1\error_prone_annotations-2.26.1.jar;C:\Users\abhishek.rathore1177\.m2\repository\com\google\j2objc\j2objc-annotations\3.0.0\j2objc-annotations-3.0.0.jar;C:\Users\abhishek.rathore1177\.m2\repository\io\opentelemetry\semconv\opentelemetry-semconv\1.25.0-alpha\opentelemetry-semconv-1.25.0-alpha.jar;C:\Users\abhishek.rathore1177\.m2\repository\io\opentelemetry\opentelemetry-api\1.38.0\opentelemetry-api-1.38.0.jar;C:\Users\abhishek.rathore1177\.m2\repository\io\opentelemetry\opentelemetry-context\1.38.0\opentelemetry-context-1.38.0.jar;C:\Users\abhishek.rathore1177\.m2\repository\io\opentelemetry\opentelemetry-exporter-logging\1.38.0\opentelemetry-exporter-logging-1.38.0.jar;C:\Users\abhishek.rathore1177\.m2\repository\io\opentelemetry\opentelemetry-sdk-common\1.38.0\opentelemetry-sdk-common-1.38.0.jar;C:\Users\abhishek.rathore1177\.m2\repository\io\opentelemetry\opentelemetry-sdk-extension-autoconfigure-spi\1.38.0\opentelemetry-sdk-extension-autoconfigure-spi-1.38.0.jar;C:\Users\abhishek.rathore1177\.m2\repository\io\opentelemetry\opentelemetry-sdk-extension-autoconfigure\1.38.0\opentelemetry-sdk-extension-autoconfigure-1.38.0.jar;C:\Users\abhishek.rathore1177\.m2\repository\io\opentelemetry\opentelemetry-api-incubator\1.38.0-alpha\opentelemetry-api-incubator-1.38.0-alpha.jar;C:\Users\abhishek.rathore1177\.m2\repository\io\opentelemetry\opentelemetry-sdk-trace\1.38.0\opentelemetry-sdk-trace-1.38.0.jar;C:\Users\abhishek.rathore1177\.m2\repository\io\opentelemetry\opentelemetry-sdk\1.38.0\opentelemetry-sdk-1.38.0.jar;C:\Users\abhishek.rathore1177\.m2\repository\io\opentelemetry\opentelemetry-sdk-metrics\1.38.0\opentelemetry-sdk-metrics-1.38.0.jar;C:\Users\abhishek.rathore1177\.m2\repository\io\opentelemetry\opentelemetry-sdk-logs\1.38.0\opentelemetry-sdk-logs-1.38.0.jar;C:\Users\abhishek.rathore1177\.m2\repository\net\bytebuddy\byte-buddy\1.14.15\byte-buddy-1.14.15.jar;C:\Users\abhishek.rathore1177\.m2\repository\org\seleniumhq\selenium\selenium-os\4.21.0\selenium-os-4.21.0.jar;C:\Users\abhishek.rathore1177\.m2\repository\org\apache\commons\commons-exec\1.4.0\commons-exec-1.4.0.jar;C:\Users\abhishek.rathore1177\.m2\repository\org\seleniumhq\selenium\selenium-safari-driver\4.21.0\selenium-safari-driver-4.21.0.jar;C:\Users\abhishek.rathore1177\.m2\repository\org\seleniumhq\selenium\selenium-support\4.21.0\selenium-support-4.21.0.jar;C:\Users\abhishek.rathore1177\.m2\repository\org\seleniumhq\selenium\selenium-devtools-v138\4.34.0\selenium-devtools-v138-4.34.0.jar;C:\Users\abhishek.rathore1177\.m2\repository\com\google\auto\service\auto-service-annotations\1.1.1\auto-service-annotations-1.1.1.jar;C:\Users\abhishek.rathore1177\.m2\repository\org\seleniumhq\selenium\selenium-json\4.34.0\selenium-json-4.34.0.jar;C:\Users\abhishek.rathore1177\.m2\repository\org\testng\testng\7.11.0\testng-7.11.0.jar;C:\Users\abhishek.rathore1177\.m2\repository\org\slf4j\slf4j-api\2.0.16\slf4j-api-2.0.16.jar;C:\Users\abhishek.rathore1177\.m2\repository\org\jcommander\jcommander\1.83\jcommander-1.83.jar;C:\Users\abhishek.rathore1177\.m2\repository\org\webjars\jquery\3.7.1\jquery-3.7.1.jar;C:\Users\abhishek.rathore1177\.m2\repository\com\aventstack\extentreports\5.1.2\extentreports-5.1.2.jar;C:\Users\abhishek.rathore1177\.m2\repository\io\reactivex\rxjava3\rxjava\3.1.6\rxjava-3.1.6.jar;C:\Users\abhishek.rathore1177\.m2\repository\org\reactivestreams\reactive-streams\1.0.4\reactive-streams-1.0.4.jar;C:\Users\abhishek.rathore1177\.m2\repository\org\freemarker\freemarker\2.3.32\freemarker-2.3.32.jar;C:\Users\abhishek.rathore1177\.m2\repository\org\projectlombok\lombok\1.18.26\lombok-1.18.26.jar;C:\Users\abhishek.rathore1177\.m2\repository\com\google\code\gson\gson\2.10.1\gson-2.10.1.jar;C:\Users\abhishek.rathore1177\.m2\repository\commons-io\commons-io\2.15.1\commons-io-2.15.1.jar;C:\Users\abhishek.rathore1177\.m2\repository\org\apache\logging\log4j\log4j-core\2.25.1\log4j-core-2.25.1.jar;C:\Users\abhishek.rathore1177\.m2\repository\org\apache\logging\log4j\log4j-api\2.25.1\log4j-api-2.25.1.jar;C:\Users\abhishek.rathore1177\.m2\repository\org\apache\logging\log4j\log4j-slf4j2-impl\2.20.0\log4j-slf4j2-impl-2.20.0.jar;"/>
    <property name="java.vm.vendor" value="Oracle Corporation"/>
    <property name="sun.arch.data.model" value="64"/>
    <property name="user.variant" value=""/>
    <property name="java.vendor.url" value="https://java.oracle.com/"/>
    <property name="user.timezone" value="Asia/Calcutta"/>
    <property name="os.name" value="Windows 11"/>
    <property name="java.vm.specification.version" value="21"/>
    <property name="sun.java.launcher" value="SUN_STANDARD"/>
    <property name="user.country" value="IN"/>
    <property name="sun.boot.library.path" value="C:\Program Files\openjdk\jdk-21\bin"/>
    <property name="sun.java.command" value="C:\Users\abhishek.rathore1177\AppData\Local\Temp\surefire12679873262359837884\surefirebooter-20250723173811930_3.jar C:\Users\abhishek.rathore1177\AppData\Local\Temp\surefire12679873262359837884 2025-07-23T17-38-11_732-jvmRun1 surefire-20250723173811930_1tmp surefire_0-20250723173811930_2tmp"/>
    <property name="jdk.debug" value="release"/>
    <property name="surefire.test.class.path" value="C:\Users\abhishek.rathore1177\eclipse-workspace\swaglabs\Swaglabs\target\test-classes;C:\Users\abhishek.rathore1177\eclipse-workspace\swaglabs\Swaglabs\target\classes;C:\Users\abhishek.rathore1177\.m2\repository\org\seleniumhq\selenium\selenium-java\4.21.0\selenium-java-4.21.0.jar;C:\Users\abhishek.rathore1177\.m2\repository\org\seleniumhq\selenium\selenium-api\4.21.0\selenium-api-4.21.0.jar;C:\Users\abhishek.rathore1177\.m2\repository\org\seleniumhq\selenium\selenium-chrome-driver\4.21.0\selenium-chrome-driver-4.21.0.jar;C:\Users\abhishek.rathore1177\.m2\repository\org\seleniumhq\selenium\selenium-chromium-driver\4.21.0\selenium-chromium-driver-4.21.0.jar;C:\Users\abhishek.rathore1177\.m2\repository\org\seleniumhq\selenium\selenium-manager\4.21.0\selenium-manager-4.21.0.jar;C:\Users\abhishek.rathore1177\.m2\repository\org\seleniumhq\selenium\selenium-devtools-v123\4.21.0\selenium-devtools-v123-4.21.0.jar;C:\Users\abhishek.rathore1177\.m2\repository\org\seleniumhq\selenium\selenium-devtools-v124\4.21.0\selenium-devtools-v124-4.21.0.jar;C:\Users\abhishek.rathore1177\.m2\repository\org\seleniumhq\selenium\selenium-devtools-v125\4.21.0\selenium-devtools-v125-4.21.0.jar;C:\Users\abhishek.rathore1177\.m2\repository\org\seleniumhq\selenium\selenium-devtools-v85\4.21.0\selenium-devtools-v85-4.21.0.jar;C:\Users\abhishek.rathore1177\.m2\repository\org\seleniumhq\selenium\selenium-edge-driver\4.21.0\selenium-edge-driver-4.21.0.jar;C:\Users\abhishek.rathore1177\.m2\repository\org\seleniumhq\selenium\selenium-firefox-driver\4.21.0\selenium-firefox-driver-4.21.0.jar;C:\Users\abhishek.rathore1177\.m2\repository\org\seleniumhq\selenium\selenium-http\4.21.0\selenium-http-4.21.0.jar;C:\Users\abhishek.rathore1177\.m2\repository\dev\failsafe\failsafe\3.3.2\failsafe-3.3.2.jar;C:\Users\abhishek.rathore1177\.m2\repository\org\seleniumhq\selenium\selenium-ie-driver\4.21.0\selenium-ie-driver-4.21.0.jar;C:\Users\abhishek.rathore1177\.m2\repository\org\seleniumhq\selenium\selenium-remote-driver\4.21.0\selenium-remote-driver-4.21.0.jar;C:\Users\abhishek.rathore1177\.m2\repository\com\google\guava\guava\33.2.0-jre\guava-33.2.0-jre.jar;C:\Users\abhishek.rathore1177\.m2\repository\com\google\guava\failureaccess\1.0.2\failureaccess-1.0.2.jar;C:\Users\abhishek.rathore1177\.m2\repository\com\google\guava\listenablefuture\9999.0-empty-to-avoid-conflict-with-guava\listenablefuture-9999.0-empty-to-avoid-conflict-with-guava.jar;C:\Users\abhishek.rathore1177\.m2\repository\com\google\code\findbugs\jsr305\3.0.2\jsr305-3.0.2.jar;C:\Users\abhishek.rathore1177\.m2\repository\org\checkerframework\checker-qual\3.42.0\checker-qual-3.42.0.jar;C:\Users\abhishek.rathore1177\.m2\repository\com\google\errorprone\error_prone_annotations\2.26.1\error_prone_annotations-2.26.1.jar;C:\Users\abhishek.rathore1177\.m2\repository\com\google\j2objc\j2objc-annotations\3.0.0\j2objc-annotations-3.0.0.jar;C:\Users\abhishek.rathore1177\.m2\repository\io\opentelemetry\semconv\opentelemetry-semconv\1.25.0-alpha\opentelemetry-semconv-1.25.0-alpha.jar;C:\Users\abhishek.rathore1177\.m2\repository\io\opentelemetry\opentelemetry-api\1.38.0\opentelemetry-api-1.38.0.jar;C:\Users\abhishek.rathore1177\.m2\repository\io\opentelemetry\opentelemetry-context\1.38.0\opentelemetry-context-1.38.0.jar;C:\Users\abhishek.rathore1177\.m2\repository\io\opentelemetry\opentelemetry-exporter-logging\1.38.0\opentelemetry-exporter-logging-1.38.0.jar;C:\Users\abhishek.rathore1177\.m2\repository\io\opentelemetry\opentelemetry-sdk-common\1.38.0\opentelemetry-sdk-common-1.38.0.jar;C:\Users\abhishek.rathore1177\.m2\repository\io\opentelemetry\opentelemetry-sdk-extension-autoconfigure-spi\1.38.0\opentelemetry-sdk-extension-autoconfigure-spi-1.38.0.jar;C:\Users\abhishek.rathore1177\.m2\repository\io\opentelemetry\opentelemetry-sdk-extension-autoconfigure\1.38.0\opentelemetry-sdk-extension-autoconfigure-1.38.0.jar;C:\Users\abhishek.rathore1177\.m2\repository\io\opentelemetry\opentelemetry-api-incubator\1.38.0-alpha\opentelemetry-api-incubator-1.38.0-alpha.jar;C:\Users\abhishek.rathore1177\.m2\repository\io\opentelemetry\opentelemetry-sdk-trace\1.38.0\opentelemetry-sdk-trace-1.38.0.jar;C:\Users\abhishek.rathore1177\.m2\repository\io\opentelemetry\opentelemetry-sdk\1.38.0\opentelemetry-sdk-1.38.0.jar;C:\Users\abhishek.rathore1177\.m2\repository\io\opentelemetry\opentelemetry-sdk-metrics\1.38.0\opentelemetry-sdk-metrics-1.38.0.jar;C:\Users\abhishek.rathore1177\.m2\repository\io\opentelemetry\opentelemetry-sdk-logs\1.38.0\opentelemetry-sdk-logs-1.38.0.jar;C:\Users\abhishek.rathore1177\.m2\repository\net\bytebuddy\byte-buddy\1.14.15\byte-buddy-1.14.15.jar;C:\Users\abhishek.rathore1177\.m2\repository\org\seleniumhq\selenium\selenium-os\4.21.0\selenium-os-4.21.0.jar;C:\Users\abhishek.rathore1177\.m2\repository\org\apache\commons\commons-exec\1.4.0\commons-exec-1.4.0.jar;C:\Users\abhishek.rathore1177\.m2\repository\org\seleniumhq\selenium\selenium-safari-driver\4.21.0\selenium-safari-driver-4.21.0.jar;C:\Users\abhishek.rathore1177\.m2\repository\org\seleniumhq\selenium\selenium-support\4.21.0\selenium-support-4.21.0.jar;C:\Users\abhishek.rathore1177\.m2\repository\org\seleniumhq\selenium\selenium-devtools-v138\4.34.0\selenium-devtools-v138-4.34.0.jar;C:\Users\abhishek.rathore1177\.m2\repository\com\google\auto\service\auto-service-annotations\1.1.1\auto-service-annotations-1.1.1.jar;C:\Users\abhishek.rathore1177\.m2\repository\org\seleniumhq\selenium\selenium-json\4.34.0\selenium-json-4.34.0.jar;C:\Users\abhishek.rathore1177\.m2\repository\org\testng\testng\7.11.0\testng-7.11.0.jar;C:\Users\abhishek.rathore1177\.m2\repository\org\slf4j\slf4j-api\2.0.16\slf4j-api-2.0.16.jar;C:\Users\abhishek.rathore1177\.m2\repository\org\jcommander\jcommander\1.83\jcommander-1.83.jar;C:\Users\abhishek.rathore1177\.m2\repository\org\webjars\jquery\3.7.1\jquery-3.7.1.jar;C:\Users\abhishek.rathore1177\.m2\repository\com\aventstack\extentreports\5.1.2\extentreports-5.1.2.jar;C:\Users\abhishek.rathore1177\.m2\repository\io\reactivex\rxjava3\rxjava\3.1.6\rxjava-3.1.6.jar;C:\Users\abhishek.rathore1177\.m2\repository\org\reactivestreams\reactive-streams\1.0.4\reactive-streams-1.0.4.jar;C:\Users\abhishek.rathore1177\.m2\repository\org\freemarker\freemarker\2.3.32\freemarker-2.3.32.jar;C:\Users\abhishek.rathore1177\.m2\repository\org\projectlombok\lombok\1.18.26\lombok-1.18.26.jar;C:\Users\abhishek.rathore1177\.m2\repository\com\google\code\gson\gson\2.10.1\gson-2.10.1.jar;C:\Users\abhishek.rathore1177\.m2\repository\commons-io\commons-io\2.15.1\commons-io-2.15.1.jar;C:\Users\abhishek.rathore1177\.m2\repository\org\apache\logging\log4j\log4j-core\2.25.1\log4j-core-2.25.1.jar;C:\Users\abhishek.rathore1177\.m2\repository\org\apache\logging\log4j\log4j-api\2.25.1\log4j-api-2.25.1.jar;C:\Users\abhishek.rathore1177\.m2\repository\org\apache\logging\log4j\log4j-slf4j2-impl\2.20.0\log4j-slf4j2-impl-2.20.0.jar;"/>
    <property name="sun.cpu.endian" value="little"/>
    <property name="user.home" value="C:\Users\abhishek.rathore1177"/>
    <property name="user.language" value="en"/>
    <property name="java.specification.vendor" value="Oracle Corporation"/>
    <property name="java.version.date" value="2023-09-19"/>
    <property name="java.home" value="C:\Program Files\openjdk\jdk-21"/>
    <property name="file.separator" value="\"/>
    <property name="basedir" value="C:\Users\abhishek.rathore1177\eclipse-workspace\swaglabs\Swaglabs"/>
    <property name="java.vm.compressedOopsMode" value="Zero based"/>
    <property name="line.separator" value="&#10;"/>
    <property name="java.vm.specification.vendor" value="Oracle Corporation"/>
    <property name="java.specification.name" value="Java Platform API Specification"/>
    <property name="surefire.real.class.path" value="C:\Users\abhishek.rathore1177\AppData\Local\Temp\surefire12679873262359837884\surefirebooter-20250723173811930_3.jar"/>
    <property name="user.script" value=""/>
    <property name="sun.management.compiler" value="HotSpot 64-Bit Tiered Compilers"/>
    <property name="java.runtime.version" value="21+35-2513"/>
    <property name="user.name" value="abhishek.rathore1177"/>
    <property name="stdout.encoding" value="Cp1252"/>
    <property name="path.separator" value=";"/>
    <property name="os.version" value="10.0"/>
    <property name="java.runtime.name" value="OpenJDK Runtime Environment"/>
    <property name="file.encoding" value="UTF-8"/>
    <property name="java.vm.name" value="OpenJDK 64-Bit Server VM"/>
    <property name="localRepository" value="C:\Users\abhishek.rathore1177\.m2\repository"/>
    <property name="java.vendor.url.bug" value="https://bugreport.java.com/bugreport/"/>
    <property name="java.io.tmpdir" value="C:\Users\ABHISH~1.RAT\AppData\Local\Temp\"/>
    <property name="java.version" value="21"/>
    <property name="user.dir" value="C:\Users\abhishek.rathore1177\eclipse-workspace\swaglabs\Swaglabs"/>
    <property name="os.arch" value="amd64"/>
    <property name="webdriver.gecko.driver" value="driver/firefoxdriver/geckodriver.exe"/>
    <property name="java.vm.specification.name" value="Java Virtual Machine Specification"/>
    <property name="sun.os.patch.level" value=""/>
    <property name="native.encoding" value="Cp1252"/>
    <property name="java.library.path" value="C:\Program Files\openjdk\jdk-21\bin;C:\Windows\Sun\Java\bin;C:\Windows\system32;C:\Windows;c:\Users\abhishek.rathore1177\AppData\Local\Programs\cursor\resources\app\bin;C:\Windows\system32;C:\Windows;C:\Windows\System32\Wbem;C:\Windows\System32\WindowsPowerShell\v1.0\;C:\Windows\System32\OpenSSH\;C:\Program Files\dotnet\;C:\Program Files\Git\cmd;C:\Program Files (x86)\Microsoft SQL Server\160\DTS\Binn\;C:\Program Files\openjdk\jdk-21\bin;C:\Program Files\nodejs\;c:\Users\abhishek.rathore1177\AppData\Local\Programs\Trae\bin;C:\Users\abhishek.rathore1177\AppData\Local\Microsoft\WindowsApps;C:\Users\abhishek.rathore1177\.dotnet\tools;C:\Users\abhishek.rathore1177\AppData\Local\Programs\cursor\resources\app\bin;C:\Users\abhishek.rathore1177\AppData\Roaming\npm;c:\Users\abhishek.rathore1177\AppData\Local\Programs\cursor\resources\app\bin;C:\ProgramData\chocolatey\bin;C:\ProgramData\chocolatey\lib\maven\apache-maven-3.9.9\bin;C:\Users\abhishek.rathore1177\AppData\Local\Android\Sdk\platform-tools;C:\Users\abhishek.rathore1177\AppData\Local\Android\Sdk\tools;C:\Users\abhishek.rathore1177\AppData\Local\Android\Sdk\emulator;C:\Users\abhishek.rathore1177\AppData\Local\Android\Sdk\tools\bin;D:\apache-maven-3.9.9\bin;C:\Users\abhishek.rathore1177\AppData\Local\Programs\Python\Python313\Scripts\;C:\Users\abhishek.rathore1177\AppData\Local\Programs\Python\Python313\;C:\Users\abhishek.rathore1177\AppData\Local\Programs\Python\Launcher\;c:\Users\abhishek.rathore1177\AppData\Local\Programs\Trae\bin;C:\Users\abhishek.rathore1177\AppData\Local\Microsoft\WindowsApps;C:\Users\abhishek.rathore1177\AppData\Local\Programs\Microsoft VS Code\bin;C:\Users\abhishek.rathore1177\.dotnet\tools;C:\Users\abhishek.rathore1177\AppData\Local\Programs\cursor\resources\app\bin;C:\Users\abhishek.rathore1177\AppData\Roaming\npm;C:\Users\abhishek.rathore1177\AppData\Local\GitHubDesktop\bin;."/>
    <property name="java.vm.info" value="mixed mode, sharing"/>
    <property name="stderr.encoding" value="Cp1252"/>
    <property name="java.vendor" value="Oracle Corporation"/>
    <property name="java.vm.version" value="21+35-2513"/>
    <property name="sun.io.unicode.encoding" value="UnicodeLittle"/>
    <property name="java.class.version" value="65.0"/>
  </properties>
  <testcase name="verifyHomeUrl" classname="com.qa.Swaglabs.tests.HomePageTest" time="0.314">
    <system-out><![CDATA[...
... TestNG 7.11.0 by Cédric Beust (cedric@beust.com)
...

Screenshot saved to: C:\Users\abhishek.rathore1177\eclipse-workspace\swaglabs\Swaglabs\screenshots\verifyHomeUrl_1753272500452.png
]]></system-out>
  </testcase>
  <testcase name="verifyHomePageLoaded" classname="com.qa.Swaglabs.tests.HomePageTest" time="0.428">
    <system-out><![CDATA[Screenshot saved to: C:\Users\abhishek.rathore1177\eclipse-workspace\swaglabs\Swaglabs\screenshots\verifyHomePageLoaded_1753272501043.png
]]></system-out>
  </testcase>
  <testcase name="verifyHomePageTitle" classname="com.qa.Swaglabs.tests.HomePageTest" time="0.477">
    <system-out><![CDATA[Trying with: [] and []
Screenshot saved to: C:\Users\abhishek.rathore1177\eclipse-workspace\swaglabs\Swaglabs\screenshots\verifyHomePageTitle_1753272501506.png
]]></system-out>
  </testcase>
  <testcase name="verifyAddtoCart" classname="com.qa.Swaglabs.tests.HomePageTest" time="0.071">
    <system-out><![CDATA[Trying with: [] and [Test]
Screenshot saved to: C:\Users\abhishek.rathore1177\eclipse-workspace\swaglabs\Swaglabs\screenshots\verifyAddtoCart_1753272502059.png
]]></system-out>
  </testcase>
  <testcase name="verifyDefaultSort" classname="com.qa.Swaglabs.tests.HomePageTest" time="0.307">
    <system-out><![CDATA[Screenshot saved to: C:\Users\abhishek.rathore1177\eclipse-workspace\swaglabs\Swaglabs\screenshots\verifyDefaultSort_1753272502331.png
]]></system-out>
  </testcase>
  <testcase name="verifyUrl" classname="com.qa.Swaglabs.tests.LoginPageTest" time="0.156">
    <system-out><![CDATA[Screenshot saved to: C:\Users\abhishek.rathore1177\eclipse-workspace\swaglabs\Swaglabs\screenshots\verifyUrl_1753272500778.png
]]></system-out>
  </testcase>
  <testcase name="verifyWrongCreds[, , Epic sadface: Username is required](1)" classname="com.qa.Swaglabs.tests.LoginPageTest" time="0.099">
    <system-out><![CDATA[Screenshot saved to: C:\Users\abhishek.rathore1177\eclipse-workspace\swaglabs\Swaglabs\screenshots\verifyWrongCreds_1753272501730.png
]]></system-out>
  </testcase>
  <testcase name="verifyWrongCreds[, Test, Epic sadface: Username is required](2)" classname="com.qa.Swaglabs.tests.LoginPageTest" time="0.278">
    <system-out><![CDATA[Screenshot saved to: C:\Users\abhishek.rathore1177\eclipse-workspace\swaglabs\Swaglabs\screenshots\verifyWrongCreds_1753272502330.png
]]></system-out>
  </testcase>
  <testcase name="verifyWrongCreds[Test, , Epic sadface: Password is required](3)" classname="com.qa.Swaglabs.tests.LoginPageTest" time="0.318">
    <system-out><![CDATA[Trying with: [Test] and []
Screenshot saved to: C:\Users\abhishek.rathore1177\eclipse-workspace\swaglabs\Swaglabs\screenshots\verifyWrongCreds_1753272502798.png
]]></system-out>
  </testcase>
  <testcase name="verifyWrongCreds[Test, Test, Epic sadface: Username and password do not match any user in this service](4)" classname="com.qa.Swaglabs.tests.LoginPageTest" time="0.465">
    <system-out><![CDATA[Trying with: [Test] and [Test]
Screenshot saved to: C:\Users\abhishek.rathore1177\eclipse-workspace\swaglabs\Swaglabs\screenshots\verifyWrongCreds_1753272503418.png
]]></system-out>
  </testcase>
  <testcase name="verifyLogin" classname="com.qa.Swaglabs.tests.LoginPageTest" time="0.406">
    <system-out><![CDATA[Screenshot saved to: C:\Users\abhishek.rathore1177\eclipse-workspace\swaglabs\Swaglabs\screenshots\verifyLogin_1753272504029.png
]]></system-out>
  </testcase>
</testsuite>