<?xml version="1.0" encoding="UTF-8"?>
<!-- Generated by org.testng.reporters.JUnitReportReporter -->
<testsuite hostname="PS-WIN-LP-676" failures="0" tests="12" name="com.qa.Swaglabs.tests.LoginPageTest" time="9.932" errors="0" timestamp="2025-07-24T18:57:29 IST" skipped="0">
  <testcase classname="com.qa.Swaglabs.tests.LoginPageTest" name="verifyLoginUrl" time="0.123"/>
  <testcase classname="com.qa.Swaglabs.tests.LoginPageTest" name="verifyLoginUrl" time="0.658"/>
  <testcase classname="com.qa.Swaglabs.tests.LoginPageTest" name="verifyInvalidCreadentials" time="0.905"/>
  <testcase classname="com.qa.Swaglabs.tests.LoginPageTest" name="verifyInvalidCreadentials" time="0.813"/>
  <testcase classname="com.qa.Swaglabs.tests.LoginPageTest" name="verifyInvalidCreadentials" time="1.018"/>
  <testcase classname="com.qa.Swaglabs.tests.LoginPageTest" name="verifyInvalidCreadentials" time="0.659"/>
  <testcase classname="com.qa.Swaglabs.tests.LoginPageTest" name="verifyInvalidCreadentials" time="1.030"/>
  <testcase classname="com.qa.Swaglabs.tests.LoginPageTest" name="verifyInvalidCreadentials" time="0.913"/>
  <testcase classname="com.qa.Swaglabs.tests.LoginPageTest" name="verifyInvalidCreadentials" time="0.870"/>
  <testcase classname="com.qa.Swaglabs.tests.LoginPageTest" name="verifyInvalidCreadentials" time="1.056"/>
  <testcase classname="com.qa.Swaglabs.tests.LoginPageTest" name="verifyLogin" time="0.723"/>
  <testcase classname="com.qa.Swaglabs.tests.LoginPageTest" name="verifyLogin" time="1.164"/>
</testsuite> <!-- com.qa.Swaglabs.tests.LoginPageTest -->
