<?xml version="1.0" encoding="UTF-8"?>
<!-- Generated by org.testng.reporters.JUnitReportReporter -->
<testsuite hostname="PS-WIN-LP-676" failures="0" tests="1" name="com.qa.Swaglabs.base.test.LoginPageTest" time="0.683" errors="0" timestamp="2025-07-17T17:45:40 IST" skipped="0">
  <testcase classname="com.qa.Swaglabs.base.test.LoginPageTest" name="verifyLogin" time="0.683"/>
</testsuite> <!-- com.qa.Swaglabs.base.test.LoginPageTest -->
