<?xml version="1.0" encoding="UTF-8"?>
<!-- Generated by org.testng.reporters.JUnitReportReporter -->
<testsuite hostname="PS-WIN-LP-676" failures="0" tests="3" name="com.qa.Swaglabs.tests.HomePageTest" time="10.575" errors="0" timestamp="2025-07-25T13:47:17 IST" skipped="0">
  <testcase classname="com.qa.Swaglabs.tests.HomePageTest" name="verifyHomePageLoaded" time="0.268"/>
  <testcase classname="com.qa.Swaglabs.tests.HomePageTest" name="verifyAddtoCart" time="0.172"/>
  <testcase classname="com.qa.Swaglabs.tests.HomePageTest" name="verifyRemoveFromBasket" time="10.135"/>
</testsuite> <!-- com.qa.Swaglabs.tests.HomePageTest -->
