<?xml version="1.0" encoding="UTF-8"?>
<!-- Generated by org.testng.reporters.JUnitReportReporter -->
<testsuite hostname="PS-WIN-LP-676" failures="0" tests="6" name="com.qa.Swaglabs.tests.LoginPageTest" time="3.089" errors="0" timestamp="2025-07-23T13:19:22 IST" skipped="0">
  <testcase classname="com.qa.Swaglabs.tests.LoginPageTest" name="verifyUrl" time="0.248"/>
  <testcase classname="com.qa.Swaglabs.tests.LoginPageTest" name="verifyWrongCreds" time="0.471"/>
  <testcase classname="com.qa.Swaglabs.tests.LoginPageTest" name="verifyWrongCreds" time="0.445"/>
  <testcase classname="com.qa.Swaglabs.tests.LoginPageTest" name="verifyWrongCreds" time="0.796"/>
  <testcase classname="com.qa.Swaglabs.tests.LoginPageTest" name="verifyWrongCreds" time="0.760"/>
  <testcase classname="com.qa.Swaglabs.tests.LoginPageTest" name="verifyLogin" time="0.369"/>
</testsuite> <!-- com.qa.Swaglabs.tests.LoginPageTest -->
