<?xml version="1.0" encoding="UTF-8"?>
<!-- Generated by org.testng.reporters.JUnitReportReporter -->
<testsuite hostname="PS-WIN-LP-676" failures="0" tests="6" name="com.qa.Swaglabs.tests.LoginPageTest" time="3.061" errors="0" timestamp="2025-07-23T17:38:25 IST" skipped="0">
  <testcase classname="com.qa.Swaglabs.tests.LoginPageTest" name="verifyWrongCreds" time="0.612"/>
  <testcase classname="com.qa.Swaglabs.tests.LoginPageTest" name="verifyWrongCreds" time="0.697"/>
  <testcase classname="com.qa.Swaglabs.tests.LoginPageTest" name="verifyUrl" time="0.180"/>
  <testcase classname="com.qa.Swaglabs.tests.LoginPageTest" name="verifyWrongCreds" time="0.500"/>
  <testcase classname="com.qa.Swaglabs.tests.LoginPageTest" name="verifyWrongCreds" time="0.524"/>
  <testcase classname="com.qa.Swaglabs.tests.LoginPageTest" name="verifyLogin" time="0.548"/>
</testsuite> <!-- com.qa.Swaglabs.tests.LoginPageTest -->
